CRITICAL - 2024-08-11 23:52:11 --> Undefined array key "order_id"
in APPPATH\Controllers\Common\Cart.php on line 30.
 1 APPPATH\Controllers\Common\Cart.php(30): CodeIgniter\Debug\Exceptions->errorHandler(2, 'Undefined array key "order_id"', 'C:\\xampp\\htdocs\\server\\karnevor-panel\\app\\Controllers\\Common\\Cart.php', 30)
 2 SYSTEMPATH\CodeIgniter.php(932): App\Controllers\Common\Cart->insertFormID()
 3 SYSTEMPATH\CodeIgniter.php(497): CodeIgniter\CodeIgniter->runController(Object(App\Controllers\Common\Cart))
 4 SYSTEMPATH\CodeIgniter.php(366): CodeIgniter\CodeIgniter->handleRequest(null, Object(Config\Cache), false)
 5 FCPATH\index.php(67): CodeIgniter\CodeIgniter->run()
 6 SYSTEMPATH\Commands\Server\rewrite.php(47): require_once('C:\\xampp\\htdocs\\server\\karnevor-panel\\public\\index.php')
CRITICAL - 2024-08-11 23:54:15 --> Array to string conversion
in APPPATH\Controllers\Common\Cart.php on line 31.
 1 APPPATH\Controllers\Common\Cart.php(31): CodeIgniter\Debug\Exceptions->errorHandler(2, 'Array to string conversion', 'C:\\xampp\\htdocs\\server\\karnevor-panel\\app\\Controllers\\Common\\Cart.php', 31)
 2 SYSTEMPATH\CodeIgniter.php(932): App\Controllers\Common\Cart->insertFormID()
 3 SYSTEMPATH\CodeIgniter.php(497): CodeIgniter\CodeIgniter->runController(Object(App\Controllers\Common\Cart))
 4 SYSTEMPATH\CodeIgniter.php(366): CodeIgniter\CodeIgniter->handleRequest(null, Object(Config\Cache), false)
 5 FCPATH\index.php(67): CodeIgniter\CodeIgniter->run()
 6 SYSTEMPATH\Commands\Server\rewrite.php(47): require_once('C:\\xampp\\htdocs\\server\\karnevor-panel\\public\\index.php')
CRITICAL - 2024-08-11 23:54:44 --> Array to string conversion
in APPPATH\Controllers\Common\Cart.php on line 31.
 1 APPPATH\Controllers\Common\Cart.php(31): CodeIgniter\Debug\Exceptions->errorHandler(2, 'Array to string conversion', 'C:\\xampp\\htdocs\\server\\karnevor-panel\\app\\Controllers\\Common\\Cart.php', 31)
 2 SYSTEMPATH\CodeIgniter.php(932): App\Controllers\Common\Cart->insertFormID()
 3 SYSTEMPATH\CodeIgniter.php(497): CodeIgniter\CodeIgniter->runController(Object(App\Controllers\Common\Cart))
 4 SYSTEMPATH\CodeIgniter.php(366): CodeIgniter\CodeIgniter->handleRequest(null, Object(Config\Cache), false)
 5 FCPATH\index.php(67): CodeIgniter\CodeIgniter->run()
 6 SYSTEMPATH\Commands\Server\rewrite.php(47): require_once('C:\\xampp\\htdocs\\server\\karnevor-panel\\public\\index.php')
