CRITICAL - 2024-08-01 00:17:36 --> Undefined array key "total"
in APPPATH\Controllers\Common\Home.php on line 21.
 1 APPPATH\Controllers\Common\Home.php(21): CodeIgniter\Debug\Exceptions->errorHandler(2, 'Undefined array key "total"', 'C:\\xampp\\htdocs\\server\\karnevor-panel\\app\\Controllers\\Common\\Home.php', 21)
 2 SYSTEMPATH\CodeIgniter.php(932): App\Controllers\Common\Home->index()
 3 SYSTEMPATH\CodeIgniter.php(497): CodeIgniter\CodeIgniter->runController(Object(App\Controllers\Common\Home))
 4 SYSTEMPATH\CodeIgniter.php(366): CodeIgniter\CodeIgniter->handleRequest(null, Object(Config\Cache), false)
 5 FCPATH\index.php(67): CodeIgniter\CodeIgniter->run()
 6 SYSTEMPATH\Commands\Server\rewrite.php(47): require_once('C:\\xampp\\htdocs\\server\\karnevor-panel\\public\\index.php')
CRITICAL - 2024-08-01 00:17:57 --> syntax error, unexpected identifier "l"
in APPPATH\Controllers\Common\Home.php on line 21.
 1 SYSTEMPATH\Autoloader\Autoloader.php(291): CodeIgniter\Autoloader\Autoloader->includeFile('C:\\xampp\\htdocs\\server\\karnevor-panel\\app\\Controllers\\Common\\Home.php')
 2 SYSTEMPATH\Autoloader\Autoloader.php(269): CodeIgniter\Autoloader\Autoloader->loadInNamespace('App\\Controllers\\Common\\Home')
 3 [internal function]: CodeIgniter\Autoloader\Autoloader->loadClass('App\\Controllers\\Common\\Home')
 4 SYSTEMPATH\CodeIgniter.php(890): class_exists('\\App\\Controllers\\Common\\Home', true)
 5 SYSTEMPATH\CodeIgniter.php(484): CodeIgniter\CodeIgniter->startController()
 6 SYSTEMPATH\CodeIgniter.php(366): CodeIgniter\CodeIgniter->handleRequest(null, Object(Config\Cache), false)
 7 FCPATH\index.php(67): CodeIgniter\CodeIgniter->run()
 8 SYSTEMPATH\Commands\Server\rewrite.php(47): require_once('C:\\xampp\\htdocs\\server\\karnevor-panel\\public\\index.php')
CRITICAL - 2024-08-01 00:27:44 --> Undefined variable $Service
in APPPATH\Views\sales\reservationDetail.php on line 131.
 1 APPPATH\Views\sales\reservationDetail.php(131): CodeIgniter\Debug\Exceptions->errorHandler(2, 'Undefined variable $Service', 'C:\\xampp\\htdocs\\server\\karnevor-panel\\app\\Views\\sales\\reservationDetail.php', 131)
 2 SYSTEMPATH\View\View.php(224): include('C:\\xampp\\htdocs\\server\\karnevor-panel\\app\\Views\\sales\\reservationDetail.php')
 3 SYSTEMPATH\View\View.php(227): CodeIgniter\View\View->CodeIgniter\View\{closure}()
 4 SYSTEMPATH\Common.php(1176): CodeIgniter\View\View->render('sales/reservationDetail', [], true)
 5 APPPATH\Controllers\Sales\ServiceOrder.php(80): view('sales/reservationDetail', [...])
 6 SYSTEMPATH\CodeIgniter.php(932): App\Controllers\Sales\ServiceOrder->reservation()
 7 SYSTEMPATH\CodeIgniter.php(497): CodeIgniter\CodeIgniter->runController(Object(App\Controllers\Sales\ServiceOrder))
 8 SYSTEMPATH\CodeIgniter.php(366): CodeIgniter\CodeIgniter->handleRequest(null, Object(Config\Cache), false)
 9 FCPATH\index.php(67): CodeIgniter\CodeIgniter->run()
10 SYSTEMPATH\Commands\Server\rewrite.php(47): require_once('C:\\xampp\\htdocs\\server\\karnevor-panel\\public\\index.php')
