ERROR - 2024-05-17 18:02:18 --> mysqli_sql_exception: Unknown column 'branch_id' in 'where clause' in C:\xampp\htdocs\server\karnevorindonesia-panel\vendor\codeigniter4\framework\system\Database\MySQLi\Connection.php:295
Stack trace:
#0 C:\xampp\htdocs\server\karnevorindonesia-panel\vendor\codeigniter4\framework\system\Database\MySQLi\Connection.php(295): mysqli->query('SELECT SUM(`bil...', 0)
#1 C:\xampp\htdocs\server\karnevorindonesia-panel\vendor\codeigniter4\framework\system\Database\BaseConnection.php(692): CodeIgniter\Database\MySQLi\Connection->execute('SELECT SUM(`bil...')
#2 C:\xampp\htdocs\server\karnevorindonesia-panel\vendor\codeigniter4\framework\system\Database\BaseConnection.php(606): CodeIgniter\Database\BaseConnection->simpleQuery('SELECT SUM(`bil...')
#3 C:\xampp\htdocs\server\karnevorindonesia-panel\vendor\codeigniter4\framework\system\Database\BaseBuilder.php(1749): CodeIgniter\Database\BaseConnection->query('SELECT SUM(`bil...', Array, false)
#4 C:\xampp\htdocs\server\karnevorindonesia-panel\app\Models\FinanceModel.php(272): CodeIgniter\Database\BaseBuilder->getWhere(Array)
#5 C:\xampp\htdocs\server\karnevorindonesia-panel\app\Controllers\Report\Finance.php(24): App\Models\FinanceModel->getTotalCostThisMonthByBranch(1)
#6 C:\xampp\htdocs\server\karnevorindonesia-panel\vendor\codeigniter4\framework\system\CodeIgniter.php(932): App\Controllers\Report\Finance->profit()
#7 C:\xampp\htdocs\server\karnevorindonesia-panel\vendor\codeigniter4\framework\system\CodeIgniter.php(497): CodeIgniter\CodeIgniter->runController(Object(App\Controllers\Report\Finance))
#8 C:\xampp\htdocs\server\karnevorindonesia-panel\vendor\codeigniter4\framework\system\CodeIgniter.php(366): CodeIgniter\CodeIgniter->handleRequest(NULL, Object(Config\Cache), false)
#9 C:\xampp\htdocs\server\karnevorindonesia-panel\public\index.php(67): CodeIgniter\CodeIgniter->run()
#10 C:\xampp\htdocs\server\karnevorindonesia-panel\vendor\codeigniter4\framework\system\Commands\Server\rewrite.php(47): require_once('C:\\xampp\\htdocs...')
#11 {main}
CRITICAL - 2024-05-17 18:02:18 --> Unknown column 'branch_id' in 'where clause'
in SYSTEMPATH\Database\MySQLi\Connection.php on line 295.
 1 SYSTEMPATH\Database\MySQLi\Connection.php(295): mysqli->query('SELECT SUM(`bill`) AS `bill`
FROM `finance_operational_cost`
WHERE MONTH(transaction_date) = \'05\'
AND YEAR(transaction_date) = \'2024\'
AND `branch_id` = 1', 0)
 2 SYSTEMPATH\Database\BaseConnection.php(692): CodeIgniter\Database\MySQLi\Connection->execute('SELECT SUM(`bill`) AS `bill`
FROM `finance_operational_cost`
WHERE MONTH(transaction_date) = \'05\'
AND YEAR(transaction_date) = \'2024\'
AND `branch_id` = 1')
 3 SYSTEMPATH\Database\BaseConnection.php(606): CodeIgniter\Database\BaseConnection->simpleQuery('SELECT SUM(`bill`) AS `bill`
FROM `finance_operational_cost`
WHERE MONTH(transaction_date) = \'05\'
AND YEAR(transaction_date) = \'2024\'
AND `branch_id` = 1')
 4 SYSTEMPATH\Database\BaseBuilder.php(1749): CodeIgniter\Database\BaseConnection->query('SELECT SUM(`bill`) AS `bill`
FROM `finance_operational_cost`
WHERE MONTH(transaction_date) = :MONTH(transaction_date):
AND YEAR(transaction_date) = :YEAR(transaction_date):
AND `branch_id` = :branch_id:', [...], false)
 5 APPPATH\Models\FinanceModel.php(272): CodeIgniter\Database\BaseBuilder->getWhere([...])
 6 APPPATH\Controllers\Report\Finance.php(24): App\Models\FinanceModel->getTotalCostThisMonthByBranch(1)
 7 SYSTEMPATH\CodeIgniter.php(932): App\Controllers\Report\Finance->profit()
 8 SYSTEMPATH\CodeIgniter.php(497): CodeIgniter\CodeIgniter->runController(Object(App\Controllers\Report\Finance))
 9 SYSTEMPATH\CodeIgniter.php(366): CodeIgniter\CodeIgniter->handleRequest(null, Object(Config\Cache), false)
10 FCPATH\index.php(67): CodeIgniter\CodeIgniter->run()
11 SYSTEMPATH\Commands\Server\rewrite.php(47): require_once('C:\\xampp\\htdocs\\server\\karnevorindonesia-panel\\public\\index.php')
